/usr/lib/jvm/java-8-oracle/bin/java  -Xms512m -Xmx512m -Xmn256m -Dnacos.standalone=true -Dnacos.member.list= -Djava.ext.dirs=/usr/lib/jvm/java-8-oracle/jre/lib/ext:/usr/lib/jvm/java-8-oracle/lib/ext -Xloggc:/home/jlong/projects/tutorials/mymall/common/nacos/logs/nacos_gc.log -verbose:gc -XX:+PrintGCDetails -XX:+PrintGCDateStamps -XX:+PrintGCTimeStamps -XX:+UseGCLogFileRotation -XX:NumberOfGCLogFiles=10 -XX:GCLogFileSize=100M -Dloader.path=/home/jlong/projects/tutorials/mymall/common/nacos/plugins/health,/home/jlong/projects/tutorials/mymall/common/nacos/plugins/cmdb -Dnacos.home=/home/jlong/projects/tutorials/mymall/common/nacos -jar /home/jlong/projects/tutorials/mymall/common/nacos/target/nacos-server.jar  --spring.config.additional-location=file:/home/jlong/projects/tutorials/mymall/common/nacos/conf/ --logging.config=/home/jlong/projects/tutorials/mymall/common/nacos/conf/nacos-logback.xml --server.max-http-header-size=524288

         ,--.
       ,--.'|
   ,--,:  : |                                           Nacos 1.4.1
,`--.'`|  ' :                       ,---.               Running in stand alone mode, All function modules
|   :  :  | |                      '   ,'\   .--.--.    Port: 8848
:   |   \ | :  ,--.--.     ,---.  /   /   | /  /    '   Pid: 48625
|   : '  '; | /       \   /     \.   ; ,. :|  :  /`./   Console: http://192.168.2.103:8848/nacos/index.html
'   ' ;.    ;.--.  .-. | /    / ''   | |: :|  :  ;_
|   | | \   | \__\/: . ..    ' / '   | .; : \  \    `.      https://nacos.io
'   : |  ; .' ," .--.; |'   ; :__|   :    |  `----.   \
|   | '`--'  /  /  ,.  |'   | '.'|\   \  /  /  /`--'  /
'   : |     ;  :   .'   \   :    : `----'  '--'.     /
;   |.'     |  ,     .-./\   \  /            `--'---'
'---'        `--`---'     `----'

2021-03-15 01:26:57,034 INFO Bean 'org.springframework.security.access.expression.method.DefaultMethodSecurityExpressionHandler@18e36d14' of type [org.springframework.security.access.expression.method.DefaultMethodSecurityExpressionHandler] is not eligible for getting processed by all BeanPostProcessors (for example: not eligible for auto-proxying)

2021-03-15 01:26:57,115 INFO Bean 'methodSecurityMetadataSource' of type [org.springframework.security.access.method.DelegatingMethodSecurityMetadataSource] is not eligible for getting processed by all BeanPostProcessors (for example: not eligible for auto-proxying)

2021-03-15 01:26:57,591 INFO Tomcat initialized with port(s): 8848 (http)

2021-03-15 01:26:57,998 INFO Root WebApplicationContext: initialization completed in 4112 ms

2021-03-15 01:27:03,814 INFO Initializing ExecutorService 'applicationTaskExecutor'

2021-03-15 01:27:04,021 INFO Adding welcome page: class path resource [static/index.html]

2021-03-15 01:27:04,737 INFO Creating filter chain: Ant [pattern='/**'], []

2021-03-15 01:27:04,794 INFO Creating filter chain: any request, [org.springframework.security.web.context.request.async.WebAsyncManagerIntegrationFilter@120f38e6, org.springframework.security.web.context.SecurityContextPersistenceFilter@2ad3a1bb, org.springframework.security.web.header.HeaderWriterFilter@6d511b5f, org.springframework.security.web.csrf.CsrfFilter@672f11c2, org.springframework.security.web.authentication.logout.LogoutFilter@2555fff0, org.springframework.security.web.savedrequest.RequestCacheAwareFilter@324c64cd, org.springframework.security.web.servletapi.SecurityContextHolderAwareRequestFilter@5bd73d1a, org.springframework.security.web.authentication.AnonymousAuthenticationFilter@7a0e1b5e, org.springframework.security.web.session.SessionManagementFilter@40f33492, org.springframework.security.web.access.ExceptionTranslationFilter@50305a]

2021-03-15 01:27:04,952 INFO Initializing ExecutorService 'taskScheduler'

2021-03-15 01:27:04,991 INFO Exposing 2 endpoint(s) beneath base path '/actuator'

2021-03-15 01:27:05,169 INFO Tomcat started on port(s): 8848 (http) with context path '/nacos'

2021-03-15 01:27:05,174 INFO Nacos started successfully in stand alone mode. use embedded storage

2021-03-15 01:27:18,462 INFO Initializing Servlet 'dispatcherServlet'

2021-03-15 01:27:18,476 INFO Completed initialization in 13 ms

